Compiled jquery.js  (5ms)  (pid 4774)
Compiled jquery_ujs.js  (1ms)  (pid 4774)
Compiled chuyens.js  (173ms)  (pid 4774)
Compiled congties.js  (154ms)  (pid 4774)
Compiled diquatrams.js  (148ms)  (pid 4774)
Compiled gopies.js  (174ms)  (pid 4774)
Compiled khungthoigians.js  (148ms)  (pid 4774)
Compiled taikhoans.js  (149ms)  (pid 4774)
Compiled tramdungs.js  (146ms)  (pid 4774)
Compiled tuyens.js  (143ms)  (pid 4774)
Compiled bootstrap-timepicker.js  (0ms)  (pid 4774)
Compiled application.js  (2224ms)  (pid 4774)
Compiled chuyens.css  (16ms)  (pid 4774)
Compiled congties.css  (1ms)  (pid 4774)
Compiled diquatrams.css  (1ms)  (pid 4774)
Compiled gopies.css  (2ms)  (pid 4774)
Compiled khungthoigians.css  (1ms)  (pid 4774)
Compiled scaffolds.css  (12ms)  (pid 4774)
Compiled taikhoans.css  (1ms)  (pid 4774)
Compiled tramdungs.css  (1ms)  (pid 4774)
Compiled tuyens.css  (1ms)  (pid 4774)
